<?xml version="1.0" encoding="UTF-8"?>
<testng-results ignored="0" total="3" passed="3" failed="0" skipped="0">
  <reporter-output>
  </reporter-output>
  <suite started-at="2025-03-08T19:14:01 IST" name="Default suite" finished-at="2025-03-08T19:14:54 IST" duration-ms="52975">
    <groups>
      <group name="regression">
        <method signature="test1.fillformss()[pri:2, instance:com.test1@708f5957]" name="fillformss" class="com.test1"/>
      </group> <!-- regression -->
      <group name="sanity">
        <method signature="test1.fillformss()[pri:2, instance:com.test1@708f5957]" name="fillformss" class="com.test1"/>
        <method signature="test1.test()[pri:1, instance:com.test1@708f5957]" name="test" class="com.test1"/>
      </group> <!-- sanity -->
    </groups>
    <test started-at="2025-03-08T19:14:01 IST" name="Default test" finished-at="2025-03-08T19:14:54 IST" duration-ms="52975">
      <class name="com.test1">
        <test-method is-config="true" signature="setup()[pri:0, instance:com.test1@708f5957]" started-at="2025-03-08T19:14:01 IST" name="setup" finished-at="2025-03-08T19:14:11 IST" duration-ms="9704" status="PASS">
          <reporter-output>
          </reporter-output>
        </test-method> <!-- setup -->
        <test-method signature="test()[pri:1, instance:com.test1@708f5957]" started-at="2025-03-08T19:14:11 IST" name="test" finished-at="2025-03-08T19:14:13 IST" duration-ms="2122" status="PASS">
          <reporter-output>
          </reporter-output>
        </test-method> <!-- test -->
        <test-method signature="fillformss()[pri:2, instance:com.test1@708f5957]" started-at="2025-03-08T19:14:13 IST" name="fillformss" finished-at="2025-03-08T19:14:36 IST" duration-ms="23210" status="PASS">
          <reporter-output>
          </reporter-output>
        </test-method> <!-- fillformss -->
        <test-method signature="lognpages()[pri:2, instance:com.test1@708f5957]" started-at="2025-03-08T19:14:36 IST" name="lognpages" finished-at="2025-03-08T19:14:54 IST" duration-ms="17514" status="PASS">
          <reporter-output>
          </reporter-output>
        </test-method> <!-- lognpages -->
        <test-method is-config="true" signature="teardown()[pri:0, instance:com.test1@708f5957]" started-at="2025-03-08T19:14:54 IST" name="teardown" finished-at="2025-03-08T19:14:54 IST" duration-ms="356" status="PASS">
          <reporter-output>
          </reporter-output>
        </test-method> <!-- teardown -->
      </class> <!-- com.test1 -->
    </test> <!-- Default test -->
  </suite> <!-- Default suite -->
</testng-results>
