<?xml version="1.0" encoding="UTF-8"?>
<testng-results ignored="0" total="3" passed="3" failed="0" skipped="0">
  <reporter-output>
  </reporter-output>
  <suite started-at="2025-03-08T18:04:54 IST" name="Default suite" finished-at="2025-03-08T18:05:47 IST" duration-ms="52965">
    <groups>
      <group name="regression">
        <method signature="test1.fillformss()[pri:2, instance:com.test1@708f5957]" name="fillformss" class="com.test1"/>
      </group> <!-- regression -->
      <group name="sanity">
        <method signature="test1.fillformss()[pri:2, instance:com.test1@708f5957]" name="fillformss" class="com.test1"/>
        <method signature="test1.test()[pri:1, instance:com.test1@708f5957]" name="test" class="com.test1"/>
      </group> <!-- sanity -->
    </groups>
    <test started-at="2025-03-08T18:04:54 IST" name="Default test" finished-at="2025-03-08T18:05:47 IST" duration-ms="52965">
      <class name="com.test1">
        <test-method is-config="true" signature="setup()[pri:0, instance:com.test1@708f5957]" started-at="2025-03-08T18:04:54 IST" name="setup" finished-at="2025-03-08T18:05:03 IST" duration-ms="8403" status="PASS">
          <reporter-output>
          </reporter-output>
        </test-method> <!-- setup -->
        <test-method signature="test()[pri:1, instance:com.test1@708f5957]" started-at="2025-03-08T18:05:03 IST" name="test" finished-at="2025-03-08T18:05:05 IST" duration-ms="2147" status="PASS">
          <reporter-output>
          </reporter-output>
        </test-method> <!-- test -->
        <test-method signature="fillformss()[pri:2, instance:com.test1@708f5957]" started-at="2025-03-08T18:05:05 IST" name="fillformss" finished-at="2025-03-08T18:05:29 IST" duration-ms="23614" status="PASS">
          <reporter-output>
          </reporter-output>
        </test-method> <!-- fillformss -->
        <test-method signature="lognpages()[pri:2, instance:com.test1@708f5957]" started-at="2025-03-08T18:05:29 IST" name="lognpages" finished-at="2025-03-08T18:05:47 IST" duration-ms="18331" status="PASS">
          <reporter-output>
          </reporter-output>
        </test-method> <!-- lognpages -->
        <test-method is-config="true" signature="teardown()[pri:0, instance:com.test1@708f5957]" started-at="2025-03-08T18:05:47 IST" name="teardown" finished-at="2025-03-08T18:05:47 IST" duration-ms="406" status="PASS">
          <reporter-output>
          </reporter-output>
        </test-method> <!-- teardown -->
      </class> <!-- com.test1 -->
    </test> <!-- Default test -->
  </suite> <!-- Default suite -->
</testng-results>
